d:\учеба\1 курс\2 сем\программирование\лабы\7. admin\7. admin\debug\source_codwe.obj
d:\учеба\1 курс\2 сем\программирование\лабы\7. admin\7. admin\debug\vc110.pdb
d:\учеба\1 курс\2 сем\программирование\лабы\7. admin\debug\7. admin.ilk
d:\учеба\1 курс\2 сем\программирование\лабы\7. admin\debug\7. admin.exe
d:\учеба\1 курс\2 сем\программирование\лабы\7. admin\debug\7. admin.pdb
d:\yandexdisk\studies\1 курс\программирование\лабы\7. admin\7. admin\debug\source_codwe.obj
d:\yandexdisk\studies\1 курс\программирование\лабы\7. admin\7. admin\debug\cl.command.1.tlog
d:\yandexdisk\studies\1 курс\программирование\лабы\7. admin\7. admin\debug\cl.read.1.tlog
d:\yandexdisk\studies\1 курс\программирование\лабы\7. admin\7. admin\debug\cl.write.1.tlog
d:\yandexdisk\studies\1 курс\программирование\лабы\7. admin\7. admin\debug\link-cvtres.read.1.tlog
d:\yandexdisk\studies\1 курс\программирование\лабы\7. admin\7. admin\debug\link-cvtres.write.1.tlog
d:\yandexdisk\studies\1 курс\программирование\лабы\7. admin\7. admin\debug\link-rc.read.1.tlog
d:\yandexdisk\studies\1 курс\программирование\лабы\7. admin\7. admin\debug\link-rc.write.1.tlog
d:\yandexdisk\studies\1 курс\программирование\лабы\7. admin\7. admin\debug\link.1052-cvtres.read.1.tlog
d:\yandexdisk\studies\1 курс\программирование\лабы\7. admin\7. admin\debug\link.1052-cvtres.write.1.tlog
d:\yandexdisk\studies\1 курс\программирование\лабы\7. admin\7. admin\debug\link.1052-rc.read.1.tlog
d:\yandexdisk\studies\1 курс\программирование\лабы\7. admin\7. admin\debug\link.1052-rc.write.1.tlog
d:\yandexdisk\studies\1 курс\программирование\лабы\7. admin\7. admin\debug\link.1052.read.1.tlog
d:\yandexdisk\studies\1 курс\программирование\лабы\7. admin\7. admin\debug\link.1052.write.1.tlog
d:\yandexdisk\studies\1 курс\программирование\лабы\7. admin\7. admin\debug\link.1652-cvtres.read.1.tlog
d:\yandexdisk\studies\1 курс\программирование\лабы\7. admin\7. admin\debug\link.1652-cvtres.write.1.tlog
d:\yandexdisk\studies\1 курс\программирование\лабы\7. admin\7. admin\debug\link.1652-rc.read.1.tlog
d:\yandexdisk\studies\1 курс\программирование\лабы\7. admin\7. admin\debug\link.1652-rc.write.1.tlog
d:\yandexdisk\studies\1 курс\программирование\лабы\7. admin\7. admin\debug\link.1652.read.1.tlog
d:\yandexdisk\studies\1 курс\программирование\лабы\7. admin\7. admin\debug\link.1652.write.1.tlog
d:\yandexdisk\studies\1 курс\программирование\лабы\7. admin\7. admin\debug\link.1664-cvtres.read.1.tlog
d:\yandexdisk\studies\1 курс\программирование\лабы\7. admin\7. admin\debug\link.1664-cvtres.write.1.tlog
d:\yandexdisk\studies\1 курс\программирование\лабы\7. admin\7. admin\debug\link.1664-rc.read.1.tlog
d:\yandexdisk\studies\1 курс\программирование\лабы\7. admin\7. admin\debug\link.1664-rc.write.1.tlog
d:\yandexdisk\studies\1 курс\программирование\лабы\7. admin\7. admin\debug\link.1664.read.1.tlog
d:\yandexdisk\studies\1 курс\программирование\лабы\7. admin\7. admin\debug\link.1664.write.1.tlog
d:\yandexdisk\studies\1 курс\программирование\лабы\7. admin\7. admin\debug\link.1748-cvtres.read.1.tlog
d:\yandexdisk\studies\1 курс\программирование\лабы\7. admin\7. admin\debug\link.1748-cvtres.write.1.tlog
d:\yandexdisk\studies\1 курс\программирование\лабы\7. admin\7. admin\debug\link.1748-rc.read.1.tlog
d:\yandexdisk\studies\1 курс\программирование\лабы\7. admin\7. admin\debug\link.1748-rc.write.1.tlog
d:\yandexdisk\studies\1 курс\программирование\лабы\7. admin\7. admin\debug\link.1748.read.1.tlog
d:\yandexdisk\studies\1 курс\программирование\лабы\7. admin\7. admin\debug\link.1748.write.1.tlog
d:\yandexdisk\studies\1 курс\программирование\лабы\7. admin\7. admin\debug\link.1796-cvtres.read.1.tlog
d:\yandexdisk\studies\1 курс\программирование\лабы\7. admin\7. admin\debug\link.1796-cvtres.write.1.tlog
d:\yandexdisk\studies\1 курс\программирование\лабы\7. admin\7. admin\debug\link.1796-rc.read.1.tlog
d:\yandexdisk\studies\1 курс\программирование\лабы\7. admin\7. admin\debug\link.1796-rc.write.1.tlog
d:\yandexdisk\studies\1 курс\программирование\лабы\7. admin\7. admin\debug\link.1796.read.1.tlog
d:\yandexdisk\studies\1 курс\программирование\лабы\7. admin\7. admin\debug\link.1796.write.1.tlog
d:\yandexdisk\studies\1 курс\программирование\лабы\7. admin\7. admin\debug\link.1856-cvtres.read.1.tlog
d:\yandexdisk\studies\1 курс\программирование\лабы\7. admin\7. admin\debug\link.1856-cvtres.write.1.tlog
d:\yandexdisk\studies\1 курс\программирование\лабы\7. admin\7. admin\debug\link.1856-rc.read.1.tlog
d:\yandexdisk\studies\1 курс\программирование\лабы\7. admin\7. admin\debug\link.1856-rc.write.1.tlog
d:\yandexdisk\studies\1 курс\программирование\лабы\7. admin\7. admin\debug\link.1856.read.1.tlog
d:\yandexdisk\studies\1 курс\программирование\лабы\7. admin\7. admin\debug\link.1856.write.1.tlog
d:\yandexdisk\studies\1 курс\программирование\лабы\7. admin\7. admin\debug\link.1928-cvtres.read.1.tlog
d:\yandexdisk\studies\1 курс\программирование\лабы\7. admin\7. admin\debug\link.1928-cvtres.write.1.tlog
d:\yandexdisk\studies\1 курс\программирование\лабы\7. admin\7. admin\debug\link.1928-rc.read.1.tlog
d:\yandexdisk\studies\1 курс\программирование\лабы\7. admin\7. admin\debug\link.1928-rc.write.1.tlog
d:\yandexdisk\studies\1 курс\программирование\лабы\7. admin\7. admin\debug\link.1928.read.1.tlog
d:\yandexdisk\studies\1 курс\программирование\лабы\7. admin\7. admin\debug\link.1928.write.1.tlog
d:\yandexdisk\studies\1 курс\программирование\лабы\7. admin\7. admin\debug\link.2020-cvtres.read.1.tlog
d:\yandexdisk\studies\1 курс\программирование\лабы\7. admin\7. admin\debug\link.2020-cvtres.write.1.tlog
d:\yandexdisk\studies\1 курс\программирование\лабы\7. admin\7. admin\debug\link.2020-rc.read.1.tlog
d:\yandexdisk\studies\1 курс\программирование\лабы\7. admin\7. admin\debug\link.2020-rc.write.1.tlog
d:\yandexdisk\studies\1 курс\программирование\лабы\7. admin\7. admin\debug\link.2020.read.1.tlog
d:\yandexdisk\studies\1 курс\программирование\лабы\7. admin\7. admin\debug\link.2020.write.1.tlog
d:\yandexdisk\studies\1 курс\программирование\лабы\7. admin\7. admin\debug\link.2044-cvtres.read.1.tlog
d:\yandexdisk\studies\1 курс\программирование\лабы\7. admin\7. admin\debug\link.2044-cvtres.write.1.tlog
d:\yandexdisk\studies\1 курс\программирование\лабы\7. admin\7. admin\debug\link.2044-rc.read.1.tlog
d:\yandexdisk\studies\1 курс\программирование\лабы\7. admin\7. admin\debug\link.2044-rc.write.1.tlog
d:\yandexdisk\studies\1 курс\программирование\лабы\7. admin\7. admin\debug\link.2044.read.1.tlog
d:\yandexdisk\studies\1 курс\программирование\лабы\7. admin\7. admin\debug\link.2044.write.1.tlog
d:\yandexdisk\studies\1 курс\программирование\лабы\7. admin\7. admin\debug\link.2172-cvtres.read.1.tlog
d:\yandexdisk\studies\1 курс\программирование\лабы\7. admin\7. admin\debug\link.2172-cvtres.write.1.tlog
d:\yandexdisk\studies\1 курс\программирование\лабы\7. admin\7. admin\debug\link.2172-rc.read.1.tlog
d:\yandexdisk\studies\1 курс\программирование\лабы\7. admin\7. admin\debug\link.2172-rc.write.1.tlog
d:\yandexdisk\studies\1 курс\программирование\лабы\7. admin\7. admin\debug\link.2172.read.1.tlog
d:\yandexdisk\studies\1 курс\программирование\лабы\7. admin\7. admin\debug\link.2172.write.1.tlog
d:\yandexdisk\studies\1 курс\программирование\лабы\7. admin\7. admin\debug\link.2344-cvtres.read.1.tlog
d:\yandexdisk\studies\1 курс\программирование\лабы\7. admin\7. admin\debug\link.2344-cvtres.write.1.tlog
d:\yandexdisk\studies\1 курс\программирование\лабы\7. admin\7. admin\debug\link.2344-rc.read.1.tlog
d:\yandexdisk\studies\1 курс\программирование\лабы\7. admin\7. admin\debug\link.2344-rc.write.1.tlog
d:\yandexdisk\studies\1 курс\программирование\лабы\7. admin\7. admin\debug\link.2344.read.1.tlog
d:\yandexdisk\studies\1 курс\программирование\лабы\7. admin\7. admin\debug\link.2344.write.1.tlog
d:\yandexdisk\studies\1 курс\программирование\лабы\7. admin\7. admin\debug\link.240-cvtres.read.1.tlog
d:\yandexdisk\studies\1 курс\программирование\лабы\7. admin\7. admin\debug\link.240-cvtres.write.1.tlog
d:\yandexdisk\studies\1 курс\программирование\лабы\7. admin\7. admin\debug\link.240-rc.read.1.tlog
d:\yandexdisk\studies\1 курс\программирование\лабы\7. admin\7. admin\debug\link.240-rc.write.1.tlog
d:\yandexdisk\studies\1 курс\программирование\лабы\7. admin\7. admin\debug\link.240.read.1.tlog
d:\yandexdisk\studies\1 курс\программирование\лабы\7. admin\7. admin\debug\link.240.write.1.tlog
d:\yandexdisk\studies\1 курс\программирование\лабы\7. admin\7. admin\debug\link.2952-cvtres.read.1.tlog
d:\yandexdisk\studies\1 курс\программирование\лабы\7. admin\7. admin\debug\link.2952-cvtres.write.1.tlog
d:\yandexdisk\studies\1 курс\программирование\лабы\7. admin\7. admin\debug\link.2952-rc.read.1.tlog
d:\yandexdisk\studies\1 курс\программирование\лабы\7. admin\7. admin\debug\link.2952-rc.write.1.tlog
d:\yandexdisk\studies\1 курс\программирование\лабы\7. admin\7. admin\debug\link.2952.read.1.tlog
d:\yandexdisk\studies\1 курс\программирование\лабы\7. admin\7. admin\debug\link.2952.write.1.tlog
d:\yandexdisk\studies\1 курс\программирование\лабы\7. admin\7. admin\debug\link.3004-cvtres.read.1.tlog
d:\yandexdisk\studies\1 курс\программирование\лабы\7. admin\7. admin\debug\link.3004-cvtres.write.1.tlog
d:\yandexdisk\studies\1 курс\программирование\лабы\7. admin\7. admin\debug\link.3004-rc.read.1.tlog
d:\yandexdisk\studies\1 курс\программирование\лабы\7. admin\7. admin\debug\link.3004-rc.write.1.tlog
d:\yandexdisk\studies\1 курс\программирование\лабы\7. admin\7. admin\debug\link.3004.read.1.tlog
d:\yandexdisk\studies\1 курс\программирование\лабы\7. admin\7. admin\debug\link.3004.write.1.tlog
d:\yandexdisk\studies\1 курс\программирование\лабы\7. admin\7. admin\debug\link.3036-cvtres.read.1.tlog
d:\yandexdisk\studies\1 курс\программирование\лабы\7. admin\7. admin\debug\link.3036-cvtres.write.1.tlog
d:\yandexdisk\studies\1 курс\программирование\лабы\7. admin\7. admin\debug\link.3036-rc.read.1.tlog
d:\yandexdisk\studies\1 курс\программирование\лабы\7. admin\7. admin\debug\link.3036-rc.write.1.tlog
d:\yandexdisk\studies\1 курс\программирование\лабы\7. admin\7. admin\debug\link.3036.read.1.tlog
d:\yandexdisk\studies\1 курс\программирование\лабы\7. admin\7. admin\debug\link.3036.write.1.tlog
d:\yandexdisk\studies\1 курс\программирование\лабы\7. admin\7. admin\debug\link.3040-cvtres.read.1.tlog
d:\yandexdisk\studies\1 курс\программирование\лабы\7. admin\7. admin\debug\link.3040-cvtres.write.1.tlog
d:\yandexdisk\studies\1 курс\программирование\лабы\7. admin\7. admin\debug\link.3040-rc.read.1.tlog
d:\yandexdisk\studies\1 курс\программирование\лабы\7. admin\7. admin\debug\link.3040-rc.write.1.tlog
d:\yandexdisk\studies\1 курс\программирование\лабы\7. admin\7. admin\debug\link.3040.read.1.tlog
d:\yandexdisk\studies\1 курс\программирование\лабы\7. admin\7. admin\debug\link.3040.write.1.tlog
d:\yandexdisk\studies\1 курс\программирование\лабы\7. admin\7. admin\debug\link.3084-cvtres.read.1.tlog
d:\yandexdisk\studies\1 курс\программирование\лабы\7. admin\7. admin\debug\link.3084-cvtres.write.1.tlog
d:\yandexdisk\studies\1 курс\программирование\лабы\7. admin\7. admin\debug\link.3084-rc.read.1.tlog
d:\yandexdisk\studies\1 курс\программирование\лабы\7. admin\7. admin\debug\link.3084-rc.write.1.tlog
d:\yandexdisk\studies\1 курс\программирование\лабы\7. admin\7. admin\debug\link.3084.read.1.tlog
d:\yandexdisk\studies\1 курс\программирование\лабы\7. admin\7. admin\debug\link.3084.write.1.tlog
d:\yandexdisk\studies\1 курс\программирование\лабы\7. admin\7. admin\debug\link.3260-cvtres.read.1.tlog
d:\yandexdisk\studies\1 курс\программирование\лабы\7. admin\7. admin\debug\link.3260-cvtres.write.1.tlog
d:\yandexdisk\studies\1 курс\программирование\лабы\7. admin\7. admin\debug\link.3260-rc.read.1.tlog
d:\yandexdisk\studies\1 курс\программирование\лабы\7. admin\7. admin\debug\link.3260-rc.write.1.tlog
d:\yandexdisk\studies\1 курс\программирование\лабы\7. admin\7. admin\debug\link.3260.read.1.tlog
d:\yandexdisk\studies\1 курс\программирование\лабы\7. admin\7. admin\debug\link.3260.write.1.tlog
d:\yandexdisk\studies\1 курс\программирование\лабы\7. admin\7. admin\debug\link.3304-cvtres.read.1.tlog
d:\yandexdisk\studies\1 курс\программирование\лабы\7. admin\7. admin\debug\link.3304-cvtres.write.1.tlog
d:\yandexdisk\studies\1 курс\программирование\лабы\7. admin\7. admin\debug\link.3304-rc.read.1.tlog
d:\yandexdisk\studies\1 курс\программирование\лабы\7. admin\7. admin\debug\link.3304-rc.write.1.tlog
d:\yandexdisk\studies\1 курс\программирование\лабы\7. admin\7. admin\debug\link.3304.read.1.tlog
d:\yandexdisk\studies\1 курс\программирование\лабы\7. admin\7. admin\debug\link.3304.write.1.tlog
d:\yandexdisk\studies\1 курс\программирование\лабы\7. admin\7. admin\debug\link.348-cvtres.read.1.tlog
d:\yandexdisk\studies\1 курс\программирование\лабы\7. admin\7. admin\debug\link.348-cvtres.write.1.tlog
d:\yandexdisk\studies\1 курс\программирование\лабы\7. admin\7. admin\debug\link.348-rc.read.1.tlog
d:\yandexdisk\studies\1 курс\программирование\лабы\7. admin\7. admin\debug\link.348-rc.write.1.tlog
d:\yandexdisk\studies\1 курс\программирование\лабы\7. admin\7. admin\debug\link.348.read.1.tlog
d:\yandexdisk\studies\1 курс\программирование\лабы\7. admin\7. admin\debug\link.348.write.1.tlog
d:\yandexdisk\studies\1 курс\программирование\лабы\7. admin\7. admin\debug\link.3760-cvtres.read.1.tlog
d:\yandexdisk\studies\1 курс\программирование\лабы\7. admin\7. admin\debug\link.3760-cvtres.write.1.tlog
d:\yandexdisk\studies\1 курс\программирование\лабы\7. admin\7. admin\debug\link.3760-rc.read.1.tlog
d:\yandexdisk\studies\1 курс\программирование\лабы\7. admin\7. admin\debug\link.3760-rc.write.1.tlog
d:\yandexdisk\studies\1 курс\программирование\лабы\7. admin\7. admin\debug\link.3760.read.1.tlog
d:\yandexdisk\studies\1 курс\программирование\лабы\7. admin\7. admin\debug\link.3760.write.1.tlog
d:\yandexdisk\studies\1 курс\программирование\лабы\7. admin\7. admin\debug\link.3836-cvtres.read.1.tlog
d:\yandexdisk\studies\1 курс\программирование\лабы\7. admin\7. admin\debug\link.3836-cvtres.write.1.tlog
d:\yandexdisk\studies\1 курс\программирование\лабы\7. admin\7. admin\debug\link.3836-rc.read.1.tlog
d:\yandexdisk\studies\1 курс\программирование\лабы\7. admin\7. admin\debug\link.3836-rc.write.1.tlog
d:\yandexdisk\studies\1 курс\программирование\лабы\7. admin\7. admin\debug\link.3836.read.1.tlog
d:\yandexdisk\studies\1 курс\программирование\лабы\7. admin\7. admin\debug\link.3836.write.1.tlog
d:\yandexdisk\studies\1 курс\программирование\лабы\7. admin\7. admin\debug\link.3964-cvtres.read.1.tlog
d:\yandexdisk\studies\1 курс\программирование\лабы\7. admin\7. admin\debug\link.3964-cvtres.write.1.tlog
d:\yandexdisk\studies\1 курс\программирование\лабы\7. admin\7. admin\debug\link.3964-rc.read.1.tlog
d:\yandexdisk\studies\1 курс\программирование\лабы\7. admin\7. admin\debug\link.3964-rc.write.1.tlog
d:\yandexdisk\studies\1 курс\программирование\лабы\7. admin\7. admin\debug\link.3964.read.1.tlog
d:\yandexdisk\studies\1 курс\программирование\лабы\7. admin\7. admin\debug\link.3964.write.1.tlog
d:\yandexdisk\studies\1 курс\программирование\лабы\7. admin\7. admin\debug\link.4072-cvtres.read.1.tlog
d:\yandexdisk\studies\1 курс\программирование\лабы\7. admin\7. admin\debug\link.4072-cvtres.write.1.tlog
d:\yandexdisk\studies\1 курс\программирование\лабы\7. admin\7. admin\debug\link.4072-rc.read.1.tlog
d:\yandexdisk\studies\1 курс\программирование\лабы\7. admin\7. admin\debug\link.4072-rc.write.1.tlog
d:\yandexdisk\studies\1 курс\программирование\лабы\7. admin\7. admin\debug\link.4072.read.1.tlog
d:\yandexdisk\studies\1 курс\программирование\лабы\7. admin\7. admin\debug\link.4072.write.1.tlog
d:\yandexdisk\studies\1 курс\программирование\лабы\7. admin\7. admin\debug\link.4192-cvtres.read.1.tlog
d:\yandexdisk\studies\1 курс\программирование\лабы\7. admin\7. admin\debug\link.4192-cvtres.write.1.tlog
d:\yandexdisk\studies\1 курс\программирование\лабы\7. admin\7. admin\debug\link.4192-rc.read.1.tlog
d:\yandexdisk\studies\1 курс\программирование\лабы\7. admin\7. admin\debug\link.4192-rc.write.1.tlog
d:\yandexdisk\studies\1 курс\программирование\лабы\7. admin\7. admin\debug\link.4192.read.1.tlog
d:\yandexdisk\studies\1 курс\программирование\лабы\7. admin\7. admin\debug\link.4192.write.1.tlog
d:\yandexdisk\studies\1 курс\программирование\лабы\7. admin\7. admin\debug\link.4216-cvtres.read.1.tlog
d:\yandexdisk\studies\1 курс\программирование\лабы\7. admin\7. admin\debug\link.4216-cvtres.write.1.tlog
d:\yandexdisk\studies\1 курс\программирование\лабы\7. admin\7. admin\debug\link.4216-rc.read.1.tlog
d:\yandexdisk\studies\1 курс\программирование\лабы\7. admin\7. admin\debug\link.4216-rc.write.1.tlog
d:\yandexdisk\studies\1 курс\программирование\лабы\7. admin\7. admin\debug\link.4216.read.1.tlog
d:\yandexdisk\studies\1 курс\программирование\лабы\7. admin\7. admin\debug\link.4216.write.1.tlog
d:\yandexdisk\studies\1 курс\программирование\лабы\7. admin\7. admin\debug\link.4312-cvtres.read.1.tlog
d:\yandexdisk\studies\1 курс\программирование\лабы\7. admin\7. admin\debug\link.4312-cvtres.write.1.tlog
d:\yandexdisk\studies\1 курс\программирование\лабы\7. admin\7. admin\debug\link.4312-rc.read.1.tlog
d:\yandexdisk\studies\1 курс\программирование\лабы\7. admin\7. admin\debug\link.4312-rc.write.1.tlog
d:\yandexdisk\studies\1 курс\программирование\лабы\7. admin\7. admin\debug\link.4312.read.1.tlog
d:\yandexdisk\studies\1 курс\программирование\лабы\7. admin\7. admin\debug\link.4312.write.1.tlog
d:\yandexdisk\studies\1 курс\программирование\лабы\7. admin\7. admin\debug\link.4420-cvtres.read.1.tlog
d:\yandexdisk\studies\1 курс\программирование\лабы\7. admin\7. admin\debug\link.4420-cvtres.write.1.tlog
d:\yandexdisk\studies\1 курс\программирование\лабы\7. admin\7. admin\debug\link.4420-rc.read.1.tlog
d:\yandexdisk\studies\1 курс\программирование\лабы\7. admin\7. admin\debug\link.4420-rc.write.1.tlog
d:\yandexdisk\studies\1 курс\программирование\лабы\7. admin\7. admin\debug\link.4420.read.1.tlog
d:\yandexdisk\studies\1 курс\программирование\лабы\7. admin\7. admin\debug\link.4420.write.1.tlog
d:\yandexdisk\studies\1 курс\программирование\лабы\7. admin\7. admin\debug\link.4484-cvtres.read.1.tlog
d:\yandexdisk\studies\1 курс\программирование\лабы\7. admin\7. admin\debug\link.4484-cvtres.write.1.tlog
d:\yandexdisk\studies\1 курс\программирование\лабы\7. admin\7. admin\debug\link.4484-rc.read.1.tlog
d:\yandexdisk\studies\1 курс\программирование\лабы\7. admin\7. admin\debug\link.4484-rc.write.1.tlog
d:\yandexdisk\studies\1 курс\программирование\лабы\7. admin\7. admin\debug\link.4484.read.1.tlog
d:\yandexdisk\studies\1 курс\программирование\лабы\7. admin\7. admin\debug\link.4484.write.1.tlog
d:\yandexdisk\studies\1 курс\программирование\лабы\7. admin\7. admin\debug\link.4488-cvtres.read.1.tlog
d:\yandexdisk\studies\1 курс\программирование\лабы\7. admin\7. admin\debug\link.4488-cvtres.write.1.tlog
d:\yandexdisk\studies\1 курс\программирование\лабы\7. admin\7. admin\debug\link.4488-rc.read.1.tlog
d:\yandexdisk\studies\1 курс\программирование\лабы\7. admin\7. admin\debug\link.4488-rc.write.1.tlog
d:\yandexdisk\studies\1 курс\программирование\лабы\7. admin\7. admin\debug\link.4488.read.1.tlog
d:\yandexdisk\studies\1 курс\программирование\лабы\7. admin\7. admin\debug\link.4488.write.1.tlog
d:\yandexdisk\studies\1 курс\программирование\лабы\7. admin\7. admin\debug\link.4568-cvtres.read.1.tlog
d:\yandexdisk\studies\1 курс\программирование\лабы\7. admin\7. admin\debug\link.4568-cvtres.write.1.tlog
d:\yandexdisk\studies\1 курс\программирование\лабы\7. admin\7. admin\debug\link.4568-rc.read.1.tlog
d:\yandexdisk\studies\1 курс\программирование\лабы\7. admin\7. admin\debug\link.4568-rc.write.1.tlog
d:\yandexdisk\studies\1 курс\программирование\лабы\7. admin\7. admin\debug\link.4568.read.1.tlog
d:\yandexdisk\studies\1 курс\программирование\лабы\7. admin\7. admin\debug\link.4568.write.1.tlog
d:\yandexdisk\studies\1 курс\программирование\лабы\7. admin\7. admin\debug\link.4588-cvtres.read.1.tlog
d:\yandexdisk\studies\1 курс\программирование\лабы\7. admin\7. admin\debug\link.4588-cvtres.write.1.tlog
d:\yandexdisk\studies\1 курс\программирование\лабы\7. admin\7. admin\debug\link.4588-rc.read.1.tlog
d:\yandexdisk\studies\1 курс\программирование\лабы\7. admin\7. admin\debug\link.4588-rc.write.1.tlog
d:\yandexdisk\studies\1 курс\программирование\лабы\7. admin\7. admin\debug\link.4588.read.1.tlog
d:\yandexdisk\studies\1 курс\программирование\лабы\7. admin\7. admin\debug\link.4588.write.1.tlog
d:\yandexdisk\studies\1 курс\программирование\лабы\7. admin\7. admin\debug\link.4732-cvtres.read.1.tlog
d:\yandexdisk\studies\1 курс\программирование\лабы\7. admin\7. admin\debug\link.4732-cvtres.write.1.tlog
d:\yandexdisk\studies\1 курс\программирование\лабы\7. admin\7. admin\debug\link.4732-rc.read.1.tlog
d:\yandexdisk\studies\1 курс\программирование\лабы\7. admin\7. admin\debug\link.4732-rc.write.1.tlog
d:\yandexdisk\studies\1 курс\программирование\лабы\7. admin\7. admin\debug\link.4732.read.1.tlog
d:\yandexdisk\studies\1 курс\программирование\лабы\7. admin\7. admin\debug\link.4732.write.1.tlog
d:\yandexdisk\studies\1 курс\программирование\лабы\7. admin\7. admin\debug\link.48-cvtres.read.1.tlog
d:\yandexdisk\studies\1 курс\программирование\лабы\7. admin\7. admin\debug\link.48-cvtres.write.1.tlog
d:\yandexdisk\studies\1 курс\программирование\лабы\7. admin\7. admin\debug\link.48-rc.read.1.tlog
d:\yandexdisk\studies\1 курс\программирование\лабы\7. admin\7. admin\debug\link.48-rc.write.1.tlog
d:\yandexdisk\studies\1 курс\программирование\лабы\7. admin\7. admin\debug\link.48.read.1.tlog
d:\yandexdisk\studies\1 курс\программирование\лабы\7. admin\7. admin\debug\link.48.write.1.tlog
d:\yandexdisk\studies\1 курс\программирование\лабы\7. admin\7. admin\debug\link.4824-cvtres.read.1.tlog
d:\yandexdisk\studies\1 курс\программирование\лабы\7. admin\7. admin\debug\link.4824-cvtres.write.1.tlog
d:\yandexdisk\studies\1 курс\программирование\лабы\7. admin\7. admin\debug\link.4824-rc.read.1.tlog
d:\yandexdisk\studies\1 курс\программирование\лабы\7. admin\7. admin\debug\link.4824-rc.write.1.tlog
d:\yandexdisk\studies\1 курс\программирование\лабы\7. admin\7. admin\debug\link.4824.read.1.tlog
d:\yandexdisk\studies\1 курс\программирование\лабы\7. admin\7. admin\debug\link.4824.write.1.tlog
d:\yandexdisk\studies\1 курс\программирование\лабы\7. admin\7. admin\debug\link.4912-cvtres.read.1.tlog
d:\yandexdisk\studies\1 курс\программирование\лабы\7. admin\7. admin\debug\link.4912-cvtres.write.1.tlog
d:\yandexdisk\studies\1 курс\программирование\лабы\7. admin\7. admin\debug\link.4912-rc.read.1.tlog
d:\yandexdisk\studies\1 курс\программирование\лабы\7. admin\7. admin\debug\link.4912-rc.write.1.tlog
d:\yandexdisk\studies\1 курс\программирование\лабы\7. admin\7. admin\debug\link.4912.read.1.tlog
d:\yandexdisk\studies\1 курс\программирование\лабы\7. admin\7. admin\debug\link.4912.write.1.tlog
d:\yandexdisk\studies\1 курс\программирование\лабы\7. admin\7. admin\debug\link.4936-cvtres.read.1.tlog
d:\yandexdisk\studies\1 курс\программирование\лабы\7. admin\7. admin\debug\link.4936-cvtres.write.1.tlog
d:\yandexdisk\studies\1 курс\программирование\лабы\7. admin\7. admin\debug\link.4936-rc.read.1.tlog
d:\yandexdisk\studies\1 курс\программирование\лабы\7. admin\7. admin\debug\link.4936-rc.write.1.tlog
d:\yandexdisk\studies\1 курс\программирование\лабы\7. admin\7. admin\debug\link.4936.read.1.tlog
d:\yandexdisk\studies\1 курс\программирование\лабы\7. admin\7. admin\debug\link.4936.write.1.tlog
d:\yandexdisk\studies\1 курс\программирование\лабы\7. admin\7. admin\debug\link.5200-cvtres.read.1.tlog
d:\yandexdisk\studies\1 курс\программирование\лабы\7. admin\7. admin\debug\link.5200-cvtres.write.1.tlog
d:\yandexdisk\studies\1 курс\программирование\лабы\7. admin\7. admin\debug\link.5200-rc.read.1.tlog
d:\yandexdisk\studies\1 курс\программирование\лабы\7. admin\7. admin\debug\link.5200-rc.write.1.tlog
d:\yandexdisk\studies\1 курс\программирование\лабы\7. admin\7. admin\debug\link.5200.read.1.tlog
d:\yandexdisk\studies\1 курс\программирование\лабы\7. admin\7. admin\debug\link.5200.write.1.tlog
d:\yandexdisk\studies\1 курс\программирование\лабы\7. admin\7. admin\debug\link.5384-cvtres.read.1.tlog
d:\yandexdisk\studies\1 курс\программирование\лабы\7. admin\7. admin\debug\link.5384-cvtres.write.1.tlog
d:\yandexdisk\studies\1 курс\программирование\лабы\7. admin\7. admin\debug\link.5384-rc.read.1.tlog
d:\yandexdisk\studies\1 курс\программирование\лабы\7. admin\7. admin\debug\link.5384-rc.write.1.tlog
d:\yandexdisk\studies\1 курс\программирование\лабы\7. admin\7. admin\debug\link.5384.read.1.tlog
d:\yandexdisk\studies\1 курс\программирование\лабы\7. admin\7. admin\debug\link.5384.write.1.tlog
d:\yandexdisk\studies\1 курс\программирование\лабы\7. admin\7. admin\debug\link.5424-cvtres.read.1.tlog
d:\yandexdisk\studies\1 курс\программирование\лабы\7. admin\7. admin\debug\link.5424-cvtres.write.1.tlog
d:\yandexdisk\studies\1 курс\программирование\лабы\7. admin\7. admin\debug\link.5424-rc.read.1.tlog
d:\yandexdisk\studies\1 курс\программирование\лабы\7. admin\7. admin\debug\link.5424-rc.write.1.tlog
d:\yandexdisk\studies\1 курс\программирование\лабы\7. admin\7. admin\debug\link.5424.read.1.tlog
d:\yandexdisk\studies\1 курс\программирование\лабы\7. admin\7. admin\debug\link.5424.write.1.tlog
d:\yandexdisk\studies\1 курс\программирование\лабы\7. admin\7. admin\debug\link.5504-cvtres.read.1.tlog
d:\yandexdisk\studies\1 курс\программирование\лабы\7. admin\7. admin\debug\link.5504-cvtres.write.1.tlog
d:\yandexdisk\studies\1 курс\программирование\лабы\7. admin\7. admin\debug\link.5504-rc.read.1.tlog
d:\yandexdisk\studies\1 курс\программирование\лабы\7. admin\7. admin\debug\link.5504-rc.write.1.tlog
d:\yandexdisk\studies\1 курс\программирование\лабы\7. admin\7. admin\debug\link.5504.read.1.tlog
d:\yandexdisk\studies\1 курс\программирование\лабы\7. admin\7. admin\debug\link.5504.write.1.tlog
d:\yandexdisk\studies\1 курс\программирование\лабы\7. admin\7. admin\debug\link.5636-cvtres.read.1.tlog
d:\yandexdisk\studies\1 курс\программирование\лабы\7. admin\7. admin\debug\link.5636-cvtres.write.1.tlog
d:\yandexdisk\studies\1 курс\программирование\лабы\7. admin\7. admin\debug\link.5636-rc.read.1.tlog
d:\yandexdisk\studies\1 курс\программирование\лабы\7. admin\7. admin\debug\link.5636-rc.write.1.tlog
d:\yandexdisk\studies\1 курс\программирование\лабы\7. admin\7. admin\debug\link.5636.read.1.tlog
d:\yandexdisk\studies\1 курс\программирование\лабы\7. admin\7. admin\debug\link.5636.write.1.tlog
d:\yandexdisk\studies\1 курс\программирование\лабы\7. admin\7. admin\debug\link.5648-cvtres.read.1.tlog
d:\yandexdisk\studies\1 курс\программирование\лабы\7. admin\7. admin\debug\link.5648-cvtres.write.1.tlog
d:\yandexdisk\studies\1 курс\программирование\лабы\7. admin\7. admin\debug\link.5648-rc.read.1.tlog
d:\yandexdisk\studies\1 курс\программирование\лабы\7. admin\7. admin\debug\link.5648-rc.write.1.tlog
d:\yandexdisk\studies\1 курс\программирование\лабы\7. admin\7. admin\debug\link.5648.read.1.tlog
d:\yandexdisk\studies\1 курс\программирование\лабы\7. admin\7. admin\debug\link.5648.write.1.tlog
d:\yandexdisk\studies\1 курс\программирование\лабы\7. admin\7. admin\debug\link.5652-cvtres.read.1.tlog
d:\yandexdisk\studies\1 курс\программирование\лабы\7. admin\7. admin\debug\link.5652-cvtres.write.1.tlog
d:\yandexdisk\studies\1 курс\программирование\лабы\7. admin\7. admin\debug\link.5652-rc.read.1.tlog
d:\yandexdisk\studies\1 курс\программирование\лабы\7. admin\7. admin\debug\link.5652-rc.write.1.tlog
d:\yandexdisk\studies\1 курс\программирование\лабы\7. admin\7. admin\debug\link.5652.read.1.tlog
d:\yandexdisk\studies\1 курс\программирование\лабы\7. admin\7. admin\debug\link.5652.write.1.tlog
d:\yandexdisk\studies\1 курс\программирование\лабы\7. admin\7. admin\debug\link.5704-cvtres.read.1.tlog
d:\yandexdisk\studies\1 курс\программирование\лабы\7. admin\7. admin\debug\link.5704-cvtres.write.1.tlog
d:\yandexdisk\studies\1 курс\программирование\лабы\7. admin\7. admin\debug\link.5704-rc.read.1.tlog
d:\yandexdisk\studies\1 курс\программирование\лабы\7. admin\7. admin\debug\link.5704-rc.write.1.tlog
d:\yandexdisk\studies\1 курс\программирование\лабы\7. admin\7. admin\debug\link.5704.read.1.tlog
d:\yandexdisk\studies\1 курс\программирование\лабы\7. admin\7. admin\debug\link.5704.write.1.tlog
d:\yandexdisk\studies\1 курс\программирование\лабы\7. admin\7. admin\debug\link.5760-cvtres.read.1.tlog
d:\yandexdisk\studies\1 курс\программирование\лабы\7. admin\7. admin\debug\link.5760-cvtres.write.1.tlog
d:\yandexdisk\studies\1 курс\программирование\лабы\7. admin\7. admin\debug\link.5760-rc.read.1.tlog
d:\yandexdisk\studies\1 курс\программирование\лабы\7. admin\7. admin\debug\link.5760-rc.write.1.tlog
d:\yandexdisk\studies\1 курс\программирование\лабы\7. admin\7. admin\debug\link.5760.read.1.tlog
d:\yandexdisk\studies\1 курс\программирование\лабы\7. admin\7. admin\debug\link.5760.write.1.tlog
d:\yandexdisk\studies\1 курс\программирование\лабы\7. admin\7. admin\debug\link.5856-cvtres.read.1.tlog
d:\yandexdisk\studies\1 курс\программирование\лабы\7. admin\7. admin\debug\link.5856-cvtres.write.1.tlog
d:\yandexdisk\studies\1 курс\программирование\лабы\7. admin\7. admin\debug\link.5856-rc.read.1.tlog
d:\yandexdisk\studies\1 курс\программирование\лабы\7. admin\7. admin\debug\link.5856-rc.write.1.tlog
d:\yandexdisk\studies\1 курс\программирование\лабы\7. admin\7. admin\debug\link.5856.read.1.tlog
d:\yandexdisk\studies\1 курс\программирование\лабы\7. admin\7. admin\debug\link.5856.write.1.tlog
d:\yandexdisk\studies\1 курс\программирование\лабы\7. admin\7. admin\debug\link.5944-cvtres.read.1.tlog
d:\yandexdisk\studies\1 курс\программирование\лабы\7. admin\7. admin\debug\link.5944-cvtres.write.1.tlog
d:\yandexdisk\studies\1 курс\программирование\лабы\7. admin\7. admin\debug\link.5944-rc.read.1.tlog
d:\yandexdisk\studies\1 курс\программирование\лабы\7. admin\7. admin\debug\link.5944-rc.write.1.tlog
d:\yandexdisk\studies\1 курс\программирование\лабы\7. admin\7. admin\debug\link.5944.read.1.tlog
d:\yandexdisk\studies\1 курс\программирование\лабы\7. admin\7. admin\debug\link.5944.write.1.tlog
d:\yandexdisk\studies\1 курс\программирование\лабы\7. admin\7. admin\debug\link.6008-cvtres.read.1.tlog
d:\yandexdisk\studies\1 курс\программирование\лабы\7. admin\7. admin\debug\link.6008-cvtres.write.1.tlog
d:\yandexdisk\studies\1 курс\программирование\лабы\7. admin\7. admin\debug\link.6008-rc.read.1.tlog
d:\yandexdisk\studies\1 курс\программирование\лабы\7. admin\7. admin\debug\link.6008-rc.write.1.tlog
d:\yandexdisk\studies\1 курс\программирование\лабы\7. admin\7. admin\debug\link.6008.read.1.tlog
d:\yandexdisk\studies\1 курс\программирование\лабы\7. admin\7. admin\debug\link.6008.write.1.tlog
d:\yandexdisk\studies\1 курс\программирование\лабы\7. admin\7. admin\debug\link.6076-cvtres.read.1.tlog
d:\yandexdisk\studies\1 курс\программирование\лабы\7. admin\7. admin\debug\link.6076-cvtres.write.1.tlog
d:\yandexdisk\studies\1 курс\программирование\лабы\7. admin\7. admin\debug\link.6076-rc.read.1.tlog
d:\yandexdisk\studies\1 курс\программирование\лабы\7. admin\7. admin\debug\link.6076-rc.write.1.tlog
d:\yandexdisk\studies\1 курс\программирование\лабы\7. admin\7. admin\debug\link.6076.read.1.tlog
d:\yandexdisk\studies\1 курс\программирование\лабы\7. admin\7. admin\debug\link.6076.write.1.tlog
d:\yandexdisk\studies\1 курс\программирование\лабы\7. admin\7. admin\debug\link.command.1.tlog
d:\yandexdisk\studies\1 курс\программирование\лабы\7. admin\7. admin\debug\link.read.1.tlog
d:\yandexdisk\studies\1 курс\программирование\лабы\7. admin\7. admin\debug\link.write.1.tlog
d:\yandexdisk\studies\1 курс\программирование\лабы\7. admin\7. admin\debug\vc110.idb
d:\yandexdisk\studies\1 курс\программирование\лабы\7. admin\7. admin\debug\vc110.pdb
d:\yandexdisk\studies\1 курс\программирование\лабы\7. admin\debug\7. admin.pdb
d:\yandexdisk\studies\1 курс\программирование\лабы\7. admin\debug\7. admin.exe
d:\yandexdisk\studies\1 курс\программирование\лабы\7. admin\debug\7. admin.ilk
